<?xml version="1.0" encoding="UTF-8"?>
<!-- Generated by org.testng.reporters.JUnitXMLReporter -->
<testsuite ignored="0" hostname="DESKTOP-7S7LCUO" failures="0" tests="4" name="Default test" time="14.916" errors="0" timestamp="2024-07-27T11:10:20 IST">
  <testcase classname="test.UserTest" name="testCreateUser" time="7.701"/>
  <testcase classname="test.UserTest" name="testGetUser" time="1.225"/>
  <testcase classname="test.UserTest" name="testUpdateUser" time="2.293"/>
  <testcase classname="test.UserTest" name="testDelUser" time="1.132"/>
</testsuite> <!-- Default test -->
