<?xml version="1.0" encoding="UTF-8"?>
<!-- Generated by org.testng.reporters.JUnitXMLReporter -->
<testsuite ignored="0" hostname="DESKTOP-7S7LCUO" failures="0" tests="4" name="Test" time="14.024" errors="0" timestamp="2024-07-27T11:21:49 IST">
  <testcase classname="test.UserTest" name="testCreateUser" time="6.749"/>
  <testcase classname="test.UserTest" name="testGetUser" time="1.189"/>
  <testcase classname="test.UserTest" name="testUpdateUser" time="2.295"/>
  <testcase classname="test.UserTest" name="testDelUser" time="1.128"/>
</testsuite> <!-- Test -->
