<?xml version="1.0" encoding="UTF-8"?>
<testng-results ignored="0" total="4" passed="4" failed="0" skipped="0">
  <reporter-output>
  </reporter-output>
  <suite started-at="2024-07-27T11:21:34 IST" name="Suite" finished-at="2024-07-27T11:21:48 IST" duration-ms="14024">
    <groups>
    </groups>
    <test started-at="2024-07-27T11:21:34 IST" name="Test" finished-at="2024-07-27T11:21:48 IST" duration-ms="14024">
      <class name="test.UserTest">
        <test-method is-config="true" signature="setUpData()[pri:0, instance:test.UserTest@692f203f]" started-at="2024-07-27T11:21:35 IST" name="setUpData" finished-at="2024-07-27T11:21:37 IST" duration-ms="1840" status="PASS">
          <reporter-output>
          </reporter-output>
        </test-method> <!-- setUpData -->
        <test-method signature="testCreateUser()[pri:1, instance:test.UserTest@692f203f]" started-at="2024-07-27T11:21:37 IST" name="testCreateUser" finished-at="2024-07-27T11:21:44 IST" duration-ms="6749" status="PASS">
          <reporter-output>
          </reporter-output>
        </test-method> <!-- testCreateUser -->
        <test-method signature="testGetUser()[pri:2, instance:test.UserTest@692f203f]" started-at="2024-07-27T11:21:44 IST" name="testGetUser" finished-at="2024-07-27T11:21:45 IST" duration-ms="1189" status="PASS">
          <reporter-output>
          </reporter-output>
        </test-method> <!-- testGetUser -->
        <test-method signature="testUpdateUser()[pri:3, instance:test.UserTest@692f203f]" started-at="2024-07-27T11:21:45 IST" name="testUpdateUser" finished-at="2024-07-27T11:21:47 IST" duration-ms="2295" status="PASS">
          <reporter-output>
          </reporter-output>
        </test-method> <!-- testUpdateUser -->
        <test-method signature="testDelUser()[pri:4, instance:test.UserTest@692f203f]" started-at="2024-07-27T11:21:47 IST" name="testDelUser" finished-at="2024-07-27T11:21:48 IST" duration-ms="1128" status="PASS">
          <reporter-output>
          </reporter-output>
        </test-method> <!-- testDelUser -->
      </class> <!-- test.UserTest -->
    </test> <!-- Test -->
  </suite> <!-- Suite -->
</testng-results>
